[debug] [2021-09-23T14:33:31.315Z] ----------------------------------------------------------------------
[debug] [2021-09-23T14:33:31.317Z] Command:       /Users/evanfreymiller/.nvm/versions/node/v12.13.0/bin/node /Users/evanfreymiller/.nvm/versions/node/v12.13.0/bin/firebase deploy
[debug] [2021-09-23T14:33:31.317Z] CLI Version:   9.6.1
[debug] [2021-09-23T14:33:31.317Z] Platform:      darwin
[debug] [2021-09-23T14:33:31.318Z] Node Version:  v12.13.0
[debug] [2021-09-23T14:33:31.319Z] Time:          Thu Sep 23 2021 10:33:31 GMT-0400 (Eastern Daylight Time)
[debug] [2021-09-23T14:33:31.319Z] ----------------------------------------------------------------------
[debug] [2021-09-23T14:33:31.319Z] 
[debug] [2021-09-23T14:33:31.326Z] > command requires scopes: ["email","openid","https://www.googleapis.com/auth/cloudplatformprojects.readonly","https://www.googleapis.com/auth/firebase","https://www.googleapis.com/auth/cloud-platform"]
[debug] [2021-09-23T14:33:31.327Z] > authorizing via signed-in user
[debug] [2021-09-23T14:33:31.327Z] [iam] checking project elizabeth-and-evan-wedding for permissions ["firebase.projects.get","firebasehosting.sites.update"]
[debug] [2021-09-23T14:33:31.329Z] > refreshing access token with scopes: ["email","https://www.googleapis.com/auth/cloud-platform","https://www.googleapis.com/auth/cloudplatformprojects.readonly","https://www.googleapis.com/auth/firebase","openid"]
[debug] [2021-09-23T14:33:31.329Z] >>> HTTP REQUEST POST https://www.googleapis.com/oauth2/v3/token  
 <request body omitted>
[debug] [2021-09-23T14:33:31.463Z] <<< HTTP RESPONSE 200 {"cache-control":"no-cache, no-store, max-age=0, must-revalidate","expires":"Mon, 01 Jan 1990 00:00:00 GMT","date":"Thu, 23 Sep 2021 14:33:31 GMT","pragma":"no-cache","content-type":"application/json; charset=utf-8","vary":"X-Origin, Referer, Origin,Accept-Encoding","server":"scaffolding on HTTPServer2","x-xss-protection":"0","x-frame-options":"SAMEORIGIN","x-content-type-options":"nosniff","alt-svc":"h3=\":443\"; ma=2592000,h3-29=\":443\"; ma=2592000,h3-T051=\":443\"; ma=2592000,h3-Q050=\":443\"; ma=2592000,h3-Q046=\":443\"; ma=2592000,h3-Q043=\":443\"; ma=2592000,quic=\":443\"; ma=2592000; v=\"46,43\"","accept-ranges":"none","transfer-encoding":"chunked"}
[debug] [2021-09-23T14:33:31.471Z] >>> HTTP REQUEST POST https://cloudresourcemanager.googleapis.com/v1/projects/elizabeth-and-evan-wedding:testIamPermissions  
 {"permissions":["firebase.projects.get","firebasehosting.sites.update"]}
[debug] [2021-09-23T14:33:31.667Z] <<< HTTP RESPONSE 200 {"content-type":"application/json; charset=UTF-8","vary":"X-Origin, Referer, Origin,Accept-Encoding","date":"Thu, 23 Sep 2021 14:33:31 GMT","server":"ESF","cache-control":"private","x-xss-protection":"0","x-frame-options":"SAMEORIGIN","x-content-type-options":"nosniff","server-timing":"gfet4t7; dur=127","alt-svc":"h3=\":443\"; ma=2592000,h3-29=\":443\"; ma=2592000,h3-T051=\":443\"; ma=2592000,h3-Q050=\":443\"; ma=2592000,h3-Q046=\":443\"; ma=2592000,h3-Q043=\":443\"; ma=2592000,quic=\":443\"; ma=2592000; v=\"46,43\"","accept-ranges":"none","transfer-encoding":"chunked"}
[debug] [2021-09-23T14:33:31.669Z] > refreshing access token with scopes: []
[debug] [2021-09-23T14:33:31.670Z] >>> HTTP REQUEST POST https://www.googleapis.com/oauth2/v3/token  
 <request body omitted>
[debug] [2021-09-23T14:33:31.771Z] <<< HTTP RESPONSE 200 {"date":"Thu, 23 Sep 2021 14:33:31 GMT","pragma":"no-cache","cache-control":"no-cache, no-store, max-age=0, must-revalidate","expires":"Mon, 01 Jan 1990 00:00:00 GMT","content-type":"application/json; charset=utf-8","vary":"X-Origin, Referer, Origin,Accept-Encoding","server":"scaffolding on HTTPServer2","x-xss-protection":"0","x-frame-options":"SAMEORIGIN","x-content-type-options":"nosniff","alt-svc":"h3=\":443\"; ma=2592000,h3-29=\":443\"; ma=2592000,h3-T051=\":443\"; ma=2592000,h3-Q050=\":443\"; ma=2592000,h3-Q046=\":443\"; ma=2592000,h3-Q043=\":443\"; ma=2592000,quic=\":443\"; ma=2592000; v=\"46,43\"","accept-ranges":"none","transfer-encoding":"chunked"}
[debug] [2021-09-23T14:33:31.782Z] >>> [apiv2][query] GET https://firebase.googleapis.com/v1beta1/projects/elizabeth-and-evan-wedding [none]
[debug] [2021-09-23T14:33:32.072Z] <<< [apiv2][status] GET https://firebase.googleapis.com/v1beta1/projects/elizabeth-and-evan-wedding 200
[debug] [2021-09-23T14:33:32.072Z] <<< [apiv2][body] GET https://firebase.googleapis.com/v1beta1/projects/elizabeth-and-evan-wedding {"projectId":"elizabeth-and-evan-wedding","projectNumber":"887004680012","displayName":"elizabeth-and-evan-wedding","name":"projects/elizabeth-and-evan-wedding","resources":{"hostingSite":"elizabeth-and-evan-wedding","realtimeDatabaseInstance":"elizabeth-and-evan-wedding-default-rtdb"},"state":"ACTIVE"}
[info] 
[info] === Deploying to 'elizabeth-and-evan-wedding'...
[info] 
[info] i  deploying hosting 
[debug] [2021-09-23T14:33:32.076Z] > refreshing access token with scopes: ["email","https://www.googleapis.com/auth/cloud-platform","https://www.googleapis.com/auth/cloudplatformprojects.readonly","https://www.googleapis.com/auth/firebase","openid"]
[debug] [2021-09-23T14:33:32.076Z] >>> HTTP REQUEST POST https://www.googleapis.com/oauth2/v3/token  
 <request body omitted>
[debug] [2021-09-23T14:33:32.183Z] <<< HTTP RESPONSE 200 {"date":"Thu, 23 Sep 2021 14:33:32 GMT","expires":"Mon, 01 Jan 1990 00:00:00 GMT","cache-control":"no-cache, no-store, max-age=0, must-revalidate","pragma":"no-cache","content-type":"application/json; charset=utf-8","vary":"X-Origin, Referer, Origin,Accept-Encoding","server":"scaffolding on HTTPServer2","x-xss-protection":"0","x-frame-options":"SAMEORIGIN","x-content-type-options":"nosniff","alt-svc":"h3=\":443\"; ma=2592000,h3-29=\":443\"; ma=2592000,h3-T051=\":443\"; ma=2592000,h3-Q050=\":443\"; ma=2592000,h3-Q046=\":443\"; ma=2592000,h3-Q043=\":443\"; ma=2592000,quic=\":443\"; ma=2592000; v=\"46,43\"","accept-ranges":"none","transfer-encoding":"chunked"}
[debug] [2021-09-23T14:33:32.192Z] >>> HTTP REQUEST POST https://firebasehosting.googleapis.com/v1beta1/sites/elizabethandevan/versions  
 {"config":{"rewrites":[{"glob":"**","path":"/index.html"}]},"labels":{"deployment-tool":"cli-firebase"}}
[debug] [2021-09-23T14:33:32.434Z] <<< HTTP RESPONSE 500 {"vary":"X-Origin, Referer, Origin,Accept-Encoding","content-type":"application/json; charset=UTF-8","date":"Thu, 23 Sep 2021 14:33:32 GMT","server":"ESF","cache-control":"private","x-xss-protection":"0","x-frame-options":"SAMEORIGIN","x-content-type-options":"nosniff","alt-svc":"h3=\":443\"; ma=2592000,h3-29=\":443\"; ma=2592000,h3-T051=\":443\"; ma=2592000,h3-Q050=\":443\"; ma=2592000,h3-Q046=\":443\"; ma=2592000,h3-Q043=\":443\"; ma=2592000,quic=\":443\"; ma=2592000; v=\"46,43\"","accept-ranges":"none","transfer-encoding":"chunked"}
[debug] [2021-09-23T14:33:32.434Z] <<< HTTP RESPONSE BODY {"error":{"code":500,"message":"Internal error encountered.","status":"INTERNAL"}}
[error] 
[error] Error: HTTP Error: 500, Internal error encountered.
[debug] [2021-09-23T14:33:32.437Z] Error Context: {
  "body": {
    "error": {
      "code": 500,
      "message": "Internal error encountered.",
      "status": "INTERNAL"
    }
  },
  "response": {
    "statusCode": 500,
    "body": {
      "error": {
        "code": 500,
        "message": "Internal error encountered.",
        "status": "INTERNAL"
      }
    },
    "headers": {
      "vary": "X-Origin, Referer, Origin,Accept-Encoding",
      "content-type": "application/json; charset=UTF-8",
      "date": "Thu, 23 Sep 2021 14:33:32 GMT",
      "server": "ESF",
      "cache-control": "private",
      "x-xss-protection": "0",
      "x-frame-options": "SAMEORIGIN",
      "x-content-type-options": "nosniff",
      "alt-svc": "h3=\":443\"; ma=2592000,h3-29=\":443\"; ma=2592000,h3-T051=\":443\"; ma=2592000,h3-Q050=\":443\"; ma=2592000,h3-Q046=\":443\"; ma=2592000,h3-Q043=\":443\"; ma=2592000,quic=\":443\"; ma=2592000; v=\"46,43\"",
      "accept-ranges": "none",
      "transfer-encoding": "chunked"
    },
    "request": {
      "uri": {
        "protocol": "https:",
        "slashes": true,
        "auth": null,
        "host": "firebasehosting.googleapis.com",
        "port": 443,
        "hostname": "firebasehosting.googleapis.com",
        "hash": null,
        "search": null,
        "query": null,
        "pathname": "/v1beta1/sites/elizabethandevan/versions",
        "path": "/v1beta1/sites/elizabethandevan/versions",
        "href": "https://firebasehosting.googleapis.com/v1beta1/sites/elizabethandevan/versions"
      },
      "method": "POST"
    }
  }
}
[debug] [2021-09-23T15:00:02.628Z] ----------------------------------------------------------------------
[debug] [2021-09-23T15:00:02.630Z] Command:       /Users/evanfreymiller/.nvm/versions/node/v12.13.0/bin/node /Users/evanfreymiller/.nvm/versions/node/v12.13.0/bin/firebase deploy
[debug] [2021-09-23T15:00:02.630Z] CLI Version:   9.6.1
[debug] [2021-09-23T15:00:02.630Z] Platform:      darwin
[debug] [2021-09-23T15:00:02.630Z] Node Version:  v12.13.0
[debug] [2021-09-23T15:00:02.632Z] Time:          Thu Sep 23 2021 11:00:02 GMT-0400 (Eastern Daylight Time)
[debug] [2021-09-23T15:00:02.632Z] ----------------------------------------------------------------------
[debug] [2021-09-23T15:00:02.632Z] 
[debug] [2021-09-23T15:00:02.641Z] > command requires scopes: ["email","openid","https://www.googleapis.com/auth/cloudplatformprojects.readonly","https://www.googleapis.com/auth/firebase","https://www.googleapis.com/auth/cloud-platform"]
[debug] [2021-09-23T15:00:02.642Z] > authorizing via signed-in user
[debug] [2021-09-23T15:00:02.642Z] [iam] checking project elizabeth-and-evan-wedding for permissions ["firebase.projects.get","firebasehosting.sites.update"]
[debug] [2021-09-23T15:00:02.644Z] >>> HTTP REQUEST POST https://cloudresourcemanager.googleapis.com/v1/projects/elizabeth-and-evan-wedding:testIamPermissions  
 {"permissions":["firebase.projects.get","firebasehosting.sites.update"]}
[debug] [2021-09-23T15:00:02.885Z] <<< HTTP RESPONSE 200 {"content-type":"application/json; charset=UTF-8","vary":"X-Origin, Referer, Origin,Accept-Encoding","date":"Thu, 23 Sep 2021 15:00:02 GMT","server":"ESF","cache-control":"private","x-xss-protection":"0","x-frame-options":"SAMEORIGIN","x-content-type-options":"nosniff","server-timing":"gfet4t7; dur=130","alt-svc":"h3=\":443\"; ma=2592000,h3-29=\":443\"; ma=2592000,h3-T051=\":443\"; ma=2592000,h3-Q050=\":443\"; ma=2592000,h3-Q046=\":443\"; ma=2592000,h3-Q043=\":443\"; ma=2592000,quic=\":443\"; ma=2592000; v=\"46,43\"","accept-ranges":"none","transfer-encoding":"chunked"}
[debug] [2021-09-23T15:00:02.888Z] > refreshing access token with scopes: []
[debug] [2021-09-23T15:00:02.888Z] >>> HTTP REQUEST POST https://www.googleapis.com/oauth2/v3/token  
 <request body omitted>
[debug] [2021-09-23T15:00:02.990Z] <<< HTTP RESPONSE 200 {"date":"Thu, 23 Sep 2021 15:00:02 GMT","expires":"Mon, 01 Jan 1990 00:00:00 GMT","cache-control":"no-cache, no-store, max-age=0, must-revalidate","pragma":"no-cache","content-type":"application/json; charset=utf-8","vary":"X-Origin, Referer, Origin,Accept-Encoding","server":"scaffolding on HTTPServer2","x-xss-protection":"0","x-frame-options":"SAMEORIGIN","x-content-type-options":"nosniff","alt-svc":"h3=\":443\"; ma=2592000,h3-29=\":443\"; ma=2592000,h3-T051=\":443\"; ma=2592000,h3-Q050=\":443\"; ma=2592000,h3-Q046=\":443\"; ma=2592000,h3-Q043=\":443\"; ma=2592000,quic=\":443\"; ma=2592000; v=\"46,43\"","accept-ranges":"none","transfer-encoding":"chunked"}
[debug] [2021-09-23T15:00:03.003Z] >>> [apiv2][query] GET https://firebase.googleapis.com/v1beta1/projects/elizabeth-and-evan-wedding [none]
[debug] [2021-09-23T15:00:03.324Z] <<< [apiv2][status] GET https://firebase.googleapis.com/v1beta1/projects/elizabeth-and-evan-wedding 200
[debug] [2021-09-23T15:00:03.325Z] <<< [apiv2][body] GET https://firebase.googleapis.com/v1beta1/projects/elizabeth-and-evan-wedding {"projectId":"elizabeth-and-evan-wedding","projectNumber":"887004680012","displayName":"elizabeth-and-evan-wedding","name":"projects/elizabeth-and-evan-wedding","resources":{"hostingSite":"elizabeth-and-evan-wedding","realtimeDatabaseInstance":"elizabeth-and-evan-wedding-default-rtdb","storageBucket":"elizabeth-and-evan-wedding.appspot.com","locationId":"us-central"},"state":"ACTIVE"}
[info] 
[info] === Deploying to 'elizabeth-and-evan-wedding'...
[info] 
[info] i  deploying hosting 
[debug] [2021-09-23T15:00:03.328Z] > refreshing access token with scopes: ["email","https://www.googleapis.com/auth/cloud-platform","https://www.googleapis.com/auth/cloudplatformprojects.readonly","https://www.googleapis.com/auth/firebase","openid"]
[debug] [2021-09-23T15:00:03.328Z] >>> HTTP REQUEST POST https://www.googleapis.com/oauth2/v3/token  
 <request body omitted>
[debug] [2021-09-23T15:00:03.456Z] <<< HTTP RESPONSE 200 {"expires":"Mon, 01 Jan 1990 00:00:00 GMT","cache-control":"no-cache, no-store, max-age=0, must-revalidate","date":"Thu, 23 Sep 2021 15:00:03 GMT","pragma":"no-cache","content-type":"application/json; charset=utf-8","vary":"X-Origin, Referer, Origin,Accept-Encoding","server":"scaffolding on HTTPServer2","x-xss-protection":"0","x-frame-options":"SAMEORIGIN","x-content-type-options":"nosniff","alt-svc":"h3=\":443\"; ma=2592000,h3-29=\":443\"; ma=2592000,h3-T051=\":443\"; ma=2592000,h3-Q050=\":443\"; ma=2592000,h3-Q046=\":443\"; ma=2592000,h3-Q043=\":443\"; ma=2592000,quic=\":443\"; ma=2592000; v=\"46,43\"","accept-ranges":"none","transfer-encoding":"chunked"}
[debug] [2021-09-23T15:00:03.467Z] >>> HTTP REQUEST POST https://firebasehosting.googleapis.com/v1beta1/sites/elizabethandevan/versions  
 {"config":{"rewrites":[{"glob":"**","path":"/index.html"}]},"labels":{"deployment-tool":"cli-firebase"}}
[debug] [2021-09-23T15:00:03.809Z] <<< HTTP RESPONSE 500 {"vary":"X-Origin, Referer, Origin,Accept-Encoding","content-type":"application/json; charset=UTF-8","date":"Thu, 23 Sep 2021 15:00:03 GMT","server":"ESF","cache-control":"private","x-xss-protection":"0","x-frame-options":"SAMEORIGIN","x-content-type-options":"nosniff","alt-svc":"h3=\":443\"; ma=2592000,h3-29=\":443\"; ma=2592000,h3-T051=\":443\"; ma=2592000,h3-Q050=\":443\"; ma=2592000,h3-Q046=\":443\"; ma=2592000,h3-Q043=\":443\"; ma=2592000,quic=\":443\"; ma=2592000; v=\"46,43\"","accept-ranges":"none","transfer-encoding":"chunked"}
[debug] [2021-09-23T15:00:03.810Z] <<< HTTP RESPONSE BODY {"error":{"code":500,"message":"Internal error encountered.","status":"INTERNAL"}}
[error] 
[error] Error: HTTP Error: 500, Internal error encountered.
[debug] [2021-09-23T15:00:03.813Z] Error Context: {
  "body": {
    "error": {
      "code": 500,
      "message": "Internal error encountered.",
      "status": "INTERNAL"
    }
  },
  "response": {
    "statusCode": 500,
    "body": {
      "error": {
        "code": 500,
        "message": "Internal error encountered.",
        "status": "INTERNAL"
      }
    },
    "headers": {
      "vary": "X-Origin, Referer, Origin,Accept-Encoding",
      "content-type": "application/json; charset=UTF-8",
      "date": "Thu, 23 Sep 2021 15:00:03 GMT",
      "server": "ESF",
      "cache-control": "private",
      "x-xss-protection": "0",
      "x-frame-options": "SAMEORIGIN",
      "x-content-type-options": "nosniff",
      "alt-svc": "h3=\":443\"; ma=2592000,h3-29=\":443\"; ma=2592000,h3-T051=\":443\"; ma=2592000,h3-Q050=\":443\"; ma=2592000,h3-Q046=\":443\"; ma=2592000,h3-Q043=\":443\"; ma=2592000,quic=\":443\"; ma=2592000; v=\"46,43\"",
      "accept-ranges": "none",
      "transfer-encoding": "chunked"
    },
    "request": {
      "uri": {
        "protocol": "https:",
        "slashes": true,
        "auth": null,
        "host": "firebasehosting.googleapis.com",
        "port": 443,
        "hostname": "firebasehosting.googleapis.com",
        "hash": null,
        "search": null,
        "query": null,
        "pathname": "/v1beta1/sites/elizabethandevan/versions",
        "path": "/v1beta1/sites/elizabethandevan/versions",
        "href": "https://firebasehosting.googleapis.com/v1beta1/sites/elizabethandevan/versions"
      },
      "method": "POST"
    }
  }
}
